This is pdfTeX, Version 3.14159265-2.6-1.40.17 (TeX Live 2016) (preloaded format=pdflatex 2016.10.10)  8 JAN 2018 12:37
entering extended mode
 restricted \write18 enabled.
 file:line:error style messages enabled.
 %&-line parsing enabled.
**PElog.tex
(./PElog.tex
LaTeX2e <2016/03/31>
Babel <3.9r> and hyphenation patterns for 83 language(s) loaded.
(/usr/local/texlive/2016/texmf-dist/tex/latex/amscls/amsart.cls
Document Class: amsart 2015/03/04 v2.20.2
\linespacing=\dimen102
\normalparindent=\dimen103
\normaltopskip=\skip41
(/usr/local/texlive/2016/texmf-dist/tex/latex/amsmath/amsmath.sty
Package: amsmath 2016/03/10 v2.15b AMS math features
\@mathmargin=\skip42

For additional information on amsmath, use the `?' option.
(/usr/local/texlive/2016/texmf-dist/tex/latex/amsmath/amstext.sty
Package: amstext 2000/06/29 v2.01 AMS text

(/usr/local/texlive/2016/texmf-dist/tex/latex/amsmath/amsgen.sty
File: amsgen.sty 1999/11/30 v2.0 generic functions
\@emptytoks=\toks14
\ex@=\dimen104
))
(/usr/local/texlive/2016/texmf-dist/tex/latex/amsmath/amsbsy.sty
Package: amsbsy 1999/11/29 v1.2d Bold Symbols
\pmbraise@=\dimen105
)
(/usr/local/texlive/2016/texmf-dist/tex/latex/amsmath/amsopn.sty
Package: amsopn 2016/03/08 v2.02 operator names
)
\inf@bad=\count79
LaTeX Info: Redefining \frac on input line 199.
\uproot@=\count80
\leftroot@=\count81
LaTeX Info: Redefining \overline on input line 297.
\classnum@=\count82
\DOTSCASE@=\count83
LaTeX Info: Redefining \ldots on input line 394.
LaTeX Info: Redefining \dots on input line 397.
LaTeX Info: Redefining \cdots on input line 518.
\Mathstrutbox@=\box26
\strutbox@=\box27
\big@size=\dimen106
LaTeX Font Info:    Redeclaring font encoding OML on input line 634.
LaTeX Font Info:    Redeclaring font encoding OMS on input line 635.
\macc@depth=\count84
\c@MaxMatrixCols=\count85
\dotsspace@=\muskip10
\c@parentequation=\count86
\dspbrk@lvl=\count87
\tag@help=\toks15
\row@=\count88
\column@=\count89
\maxfields@=\count90
\andhelp@=\toks16
\eqnshift@=\dimen107
\alignsep@=\dimen108
\tagshift@=\dimen109
\tagwidth@=\dimen110
\totwidth@=\dimen111
\lineht@=\dimen112
\@envbody=\toks17
\multlinegap=\skip43
\multlinetaggap=\skip44
\mathdisplay@stack=\toks18
LaTeX Info: Redefining \[ on input line 2739.
LaTeX Info: Redefining \] on input line 2740.
)
LaTeX Font Info:    Try loading font information for U+msa on input line 388.

(/usr/local/texlive/2016/texmf-dist/tex/latex/amsfonts/umsa.fd
File: umsa.fd 2013/01/14 v3.01 AMS symbols A
)
(/usr/local/texlive/2016/texmf-dist/tex/latex/amsfonts/amsfonts.sty
Package: amsfonts 2013/01/14 v3.01 Basic AMSFonts support
\symAMSa=\mathgroup4
\symAMSb=\mathgroup5
LaTeX Font Info:    Overwriting math alphabet `\mathfrak' in version `bold'
(Font)                  U/euf/m/n --> U/euf/b/n on input line 106.
)
\copyins=\insert199
\abstractbox=\box28
\listisep=\skip45
\c@part=\count91
\c@section=\count92
\c@subsection=\count93
\c@subsubsection=\count94
\c@paragraph=\count95
\c@subparagraph=\count96
\c@figure=\count97
\c@table=\count98
\abovecaptionskip=\skip46
\belowcaptionskip=\skip47
\captionindent=\dimen113
\thm@style=\toks19
\thm@bodyfont=\toks20
\thm@headfont=\toks21
\thm@notefont=\toks22
\thm@headpunct=\toks23
\thm@preskip=\skip48
\thm@postskip=\skip49
\thm@headsep=\skip50
\dth@everypar=\toks24
)
(/usr/local/texlive/2016/texmf-dist/tex/latex/geometry/geometry.sty
Package: geometry 2010/09/12 v5.6 Page Geometry

(/usr/local/texlive/2016/texmf-dist/tex/latex/graphics/keyval.sty
Package: keyval 2014/10/28 v1.15 key=value parser (DPC)
\KV@toks@=\toks25
)
(/usr/local/texlive/2016/texmf-dist/tex/generic/oberdiek/ifpdf.sty
Package: ifpdf 2016/05/14 v3.1 Provides the ifpdf switch
)
(/usr/local/texlive/2016/texmf-dist/tex/generic/oberdiek/ifvtex.sty
Package: ifvtex 2016/05/16 v1.6 Detect VTeX and its facilities (HO)
Package ifvtex Info: VTeX not detected.
)
(/usr/local/texlive/2016/texmf-dist/tex/generic/ifxetex/ifxetex.sty
Package: ifxetex 2010/09/12 v0.6 Provides ifxetex conditional
)
\Gm@cnth=\count99
\Gm@cntv=\count100
\c@Gm@tempcnt=\count101
\Gm@bindingoffset=\dimen114
\Gm@wd@mp=\dimen115
\Gm@odd@mp=\dimen116
\Gm@even@mp=\dimen117
\Gm@layoutwidth=\dimen118
\Gm@layoutheight=\dimen119
\Gm@layouthoffset=\dimen120
\Gm@layoutvoffset=\dimen121
\Gm@dimlist=\toks26
)
(/usr/local/texlive/2016/texmf-dist/tex/latex/graphics/graphicx.sty
Package: graphicx 2014/10/28 v1.0g Enhanced LaTeX Graphics (DPC,SPQR)

(/usr/local/texlive/2016/texmf-dist/tex/latex/graphics/graphics.sty
Package: graphics 2016/05/09 v1.0r Standard LaTeX Graphics (DPC,SPQR)

(/usr/local/texlive/2016/texmf-dist/tex/latex/graphics/trig.sty
Package: trig 2016/01/03 v1.10 sin cos tan (DPC)
)
(/usr/local/texlive/2016/texmf-dist/tex/latex/graphics-cfg/graphics.cfg
File: graphics.cfg 2016/01/02 v1.10 sample graphics configuration
)
Package graphics Info: Driver file: pdftex.def on input line 96.

(/usr/local/texlive/2016/texmf-dist/tex/latex/pdftex-def/pdftex.def
File: pdftex.def 2011/05/27 v0.06d Graphics/color for pdfTeX

(/usr/local/texlive/2016/texmf-dist/tex/generic/oberdiek/infwarerr.sty
Package: infwarerr 2016/05/16 v1.4 Providing info/warning/error messages (HO)
)
(/usr/local/texlive/2016/texmf-dist/tex/generic/oberdiek/ltxcmds.sty
Package: ltxcmds 2016/05/16 v1.23 LaTeX kernel commands for general use (HO)
)
\Gread@gobject=\count102
))
\Gin@req@height=\dimen122
\Gin@req@width=\dimen123
)
(/usr/local/texlive/2016/texmf-dist/tex/latex/amsfonts/amssymb.sty
Package: amssymb 2013/01/14 v3.01 AMS font symbols
)
(/usr/local/texlive/2016/texmf-dist/tex/latex/oberdiek/epstopdf.sty
Package: epstopdf 2016/05/15 v2.6 Conversion with epstopdf on the fly (HO)

(/usr/local/texlive/2016/texmf-dist/tex/latex/oberdiek/epstopdf-base.sty
Package: epstopdf-base 2016/05/15 v2.6 Base part for package epstopdf

(/usr/local/texlive/2016/texmf-dist/tex/latex/oberdiek/grfext.sty
Package: grfext 2016/05/16 v1.2 Manage graphics extensions (HO)

(/usr/local/texlive/2016/texmf-dist/tex/generic/oberdiek/kvdefinekeys.sty
Package: kvdefinekeys 2016/05/16 v1.4 Define keys (HO)
))
(/usr/local/texlive/2016/texmf-dist/tex/latex/oberdiek/kvoptions.sty
Package: kvoptions 2016/05/16 v3.12 Key value format for package options (HO)

(/usr/local/texlive/2016/texmf-dist/tex/generic/oberdiek/kvsetkeys.sty
Package: kvsetkeys 2016/05/16 v1.17 Key value parser (HO)

(/usr/local/texlive/2016/texmf-dist/tex/generic/oberdiek/etexcmds.sty
Package: etexcmds 2016/05/16 v1.6 Avoid name clashes with e-TeX commands (HO)

(/usr/local/texlive/2016/texmf-dist/tex/generic/oberdiek/ifluatex.sty
Package: ifluatex 2016/05/16 v1.4 Provides the ifluatex switch (HO)
Package ifluatex Info: LuaTeX not detected.
)
Package etexcmds Info: Could not find \expanded.
(etexcmds)             That can mean that you are not using pdfTeX 1.50 or
(etexcmds)             that some package has redefined \expanded.
(etexcmds)             In the latter case, load this package earlier.
)))
(/usr/local/texlive/2016/texmf-dist/tex/generic/oberdiek/pdftexcmds.sty
Package: pdftexcmds 2016/05/10 v0.21 Utility functions of pdfTeX for LuaTeX (HO
)
Package pdftexcmds Info: LuaTeX not detected.
Package pdftexcmds Info: \pdf@primitive is available.
Package pdftexcmds Info: \pdf@ifprimitive is available.
Package pdftexcmds Info: \pdfdraftmode found.
)
Package grfext Info: Graphics extension search list:
(grfext)             [.png,.pdf,.jpg,.mps,.jpeg,.jbig2,.jb2,.PNG,.PDF,.JPG,.JPE
G,.JBIG2,.JB2,.eps]
(grfext)             \AppendGraphicsExtensions on input line 456.

(/usr/local/texlive/2016/texmf-dist/tex/latex/latexconfig/epstopdf-sys.cfg
File: epstopdf-sys.cfg 2010/07/13 v1.3 Configuration of (r)epstopdf for TeX Liv
e
)))
(/usr/local/texlive/2016/texmf-dist/tex/latex/mathtools/mathtools.sty
Package: mathtools 2015/11/12 v1.18 mathematical typesetting tools

(/usr/local/texlive/2016/texmf-dist/tex/latex/tools/calc.sty
Package: calc 2014/10/28 v4.3 Infix arithmetic (KKT,FJ)
\calc@Acount=\count103
\calc@Bcount=\count104
\calc@Adimen=\dimen124
\calc@Bdimen=\dimen125
\calc@Askip=\skip51
\calc@Bskip=\skip52
LaTeX Info: Redefining \setlength on input line 80.
LaTeX Info: Redefining \addtolength on input line 81.
\calc@Ccount=\count105
\calc@Cskip=\skip53
)
(/usr/local/texlive/2016/texmf-dist/tex/latex/mathtools/mhsetup.sty
Package: mhsetup 2010/01/21 v1.2a programming setup (MH)
)
LaTeX Info: Thecontrolsequence`\('isalreadyrobust on input line 129.
LaTeX Info: Thecontrolsequence`\)'isalreadyrobust on input line 129.
LaTeX Info: Thecontrolsequence`\['isalreadyrobust on input line 129.
LaTeX Info: Thecontrolsequence`\]'isalreadyrobust on input line 129.
\g_MT_multlinerow_int=\count106
\l_MT_multwidth_dim=\dimen126
\origjot=\skip54
\l_MT_shortvdotswithinadjustabove_dim=\dimen127
\l_MT_shortvdotswithinadjustbelow_dim=\dimen128
\l_MT_above_intertext_sep=\dimen129
\l_MT_below_intertext_sep=\dimen130
\l_MT_above_shortintertext_sep=\dimen131
\l_MT_below_shortintertext_sep=\dimen132
)
(./PElog.aux)
\openout1 = `PElog.aux'.

LaTeX Font Info:    Checking defaults for OML/cmm/m/it on input line 17.
LaTeX Font Info:    ... okay on input line 17.
LaTeX Font Info:    Checking defaults for T1/cmr/m/n on input line 17.
LaTeX Font Info:    ... okay on input line 17.
LaTeX Font Info:    Checking defaults for OT1/cmr/m/n on input line 17.
LaTeX Font Info:    ... okay on input line 17.
LaTeX Font Info:    Checking defaults for OMS/cmsy/m/n on input line 17.
LaTeX Font Info:    ... okay on input line 17.
LaTeX Font Info:    Checking defaults for OMX/cmex/m/n on input line 17.
LaTeX Font Info:    ... okay on input line 17.
LaTeX Font Info:    Checking defaults for U/cmr/m/n on input line 17.
LaTeX Font Info:    ... okay on input line 17.
LaTeX Font Info:    Try loading font information for U+msa on input line 17.
 (/usr/local/texlive/2016/texmf-dist/tex/latex/amsfonts/umsa.fd
File: umsa.fd 2013/01/14 v3.01 AMS symbols A
)
LaTeX Font Info:    Try loading font information for U+msb on input line 17.

(/usr/local/texlive/2016/texmf-dist/tex/latex/amsfonts/umsb.fd
File: umsb.fd 2013/01/14 v3.01 AMS symbols B
)
*geometry* driver: auto-detecting
*geometry* detected driver: pdftex
*geometry* verbose mode - [ preamble ] result:
* driver: pdftex
* paper: letterpaper
* layout: <same size as paper>
* layoutoffset:(h,v)=(0.0pt,0.0pt)
* modes: twoside 
* h-part:(L,W,R)=(73.71613pt, 430.00462pt, 110.57425pt)
* v-part:(T,H,B)=(95.39737pt, 556.47656pt, 143.09605pt)
* \paperwidth=614.295pt
* \paperheight=794.96999pt
* \textwidth=430.00462pt
* \textheight=556.47656pt
* \oddsidemargin=1.44614pt
* \evensidemargin=38.30426pt
* \topmargin=1.12738pt
* \headheight=8.0pt
* \headsep=14.0pt
* \topskip=10.0pt
* \footskip=12.0pt
* \marginparwidth=90.0pt
* \marginparsep=11.0pt
* \columnsep=10.0pt
* \skip\footins=7.0pt plus 11.0pt
* \hoffset=0.0pt
* \voffset=0.0pt
* \mag=1000
* \@twocolumnfalse
* \@twosidetrue
* \@mparswitchtrue
* \@reversemarginfalse
* (1in=72.27pt=25.4mm, 1cm=28.453pt)

(/usr/local/texlive/2016/texmf-dist/tex/context/base/mkii/supp-pdf.mkii
[Loading MPS to PDF converter (version 2006.09.02).]
\scratchcounter=\count107
\scratchdimen=\dimen133
\scratchbox=\box29
\nofMPsegments=\count108
\nofMParguments=\count109
\everyMPshowfont=\toks27
\MPscratchCnt=\count110
\MPscratchDim=\dimen134
\MPnumerator=\count111
\makeMPintoPDFobject=\count112
\everyMPtoPDFconversion=\toks28
)
Underfull \hbox (badness 10000) in paragraph at lines 20--21

 []

Missing character: There is no ± in font cmr10!

Underfull \hbox (badness 10000) in paragraph at lines 25--26

 []

[1{/usr/local/texlive/2016/texmf-var/fonts/map/pdftex/updmap/pdftex.map}]
Underfull \vbox (badness 10000) has occurred while \output is active []

 [2]
Underfull \hbox (badness 10000) in paragraph at lines 112--113

 []


Underfull \hbox (badness 10000) in paragraph at lines 122--123

 []


Overfull \hbox (156.36153pt too wide) in paragraph at lines 185--185
[]    \OT1/cmtt/m/n/10.95 #http://stackoverflow.com/questions/2068372/fastest-w
ay-to-list-all-primes-below-n/3035188#3035188[] 
 []

[3]
Overfull \hbox (121.8694pt too wide) in paragraph at lines 185--185
[]       \OT1/cmtt/m/n/10.95 if sum([x*10**(int(math.log10(y))+1)+y in pc for x
 in tt for y in tt if x!=y ])==m*(m-1):[] 
 []


Underfull \vbox (badness 10000) has occurred while \output is active []

 [4]
Underfull \hbox (badness 10000) in paragraph at lines 187--188

 []


Underfull \hbox (badness 10000) in paragraph at lines 189--190

 []


Overfull \hbox (41.38777pt too wide) in paragraph at lines 222--222
[]    \OT1/cmtt/m/n/10.95 """returns number of  integers <=n that have odd-peri
od continued fractions"""[] 
 []


Underfull \hbox (badness 10000) in paragraph at lines 224--225

 []


Underfull \hbox (badness 10000) in paragraph at lines 227--228

 []

[5]
Overfull \hbox (29.8904pt too wide) in paragraph at lines 278--278
[]    \OT1/cmtt/m/n/10.95 """returns fundamental solution for Pell equation x^2
-ny^2 =1 for given n"""[] 
 []


Overfull \hbox (24.14171pt too wide) in paragraph at lines 278--278
[]        \OT1/cmtt/m/n/10.95 nom,den=[anext*convergents[-1][j]+convergents[-2]
[j] for j in range(2)][] 
 []


Underfull \vbox (badness 10000) has occurred while \output is active []

 [6]
Underfull \hbox (badness 10000) in paragraph at lines 280--281

 []


Underfull \hbox (badness 10000) in paragraph at lines 284--285

 []


Overfull \hbox (41.38777pt too wide) in paragraph at lines 341--341
[]    \OT1/cmtt/m/n/10.95 #The n-gon has a central ring and spurs. First get al
l possible central rings.[] 
 []


Overfull \hbox (58.63383pt too wide) in paragraph at lines 341--341
[]        \OT1/cmtt/m/n/10.95 #remove those rings where more than two neighbour
 pairs sum to the same value[] 
 []


Overfull \hbox (64.38252pt too wide) in paragraph at lines 341--341
[]            \OT1/cmtt/m/n/10.95 #remove cyclical duplicates eg (1,2,3,4,5) is
 the same ring as (2,3,4,5,1)[] 
 []

[7]
Overfull \hbox (116.12071pt too wide) in paragraph at lines 341--341
[]        \OT1/cmtt/m/n/10.95 spurs=[x for x in it.permutations(tuple(set(numli
st).difference(set(ring))),len(ring))][] 
 []


Overfull \hbox (52.88515pt too wide) in paragraph at lines 341--341
[]            \OT1/cmtt/m/n/10.95 #for each list of pairs, append all possible 
permutations of spur values[] 
 []


Overfull \hbox (18.39302pt too wide) in paragraph at lines 341--341
[]            \OT1/cmtt/m/n/10.95 rows=[(spur[i],pairs[i][0],pairs[i][1]) for i
 in range(len(spur))][] 
 []


Overfull \hbox (121.8694pt too wide) in paragraph at lines 341--341
[]            \OT1/cmtt/m/n/10.95 #as soon as we get different row sums, the n-
gon cannot be magic, so ditch this ring[] 
 []


Overfull \hbox (70.13121pt too wide) in paragraph at lines 341--341
[]            \OT1/cmtt/m/n/10.95 #otherwise find the integer value of the cloc
kwise concatenated row values,[] 
 []


Overfull \hbox (35.63908pt too wide) in paragraph at lines 341--341
[]            \OT1/cmtt/m/n/10.95 #with the rows cycled until that with the min
imum spur value is first[] 
 []


Overfull \hbox (12.64433pt too wide) in paragraph at lines 341--341
[]            \OT1/cmtt/m/n/10.95 rows=recycle([int(''.join(str(x) for x in row
)) for row in rows])[] 
 []


Overfull \hbox (12.64433pt too wide) in paragraph at lines 341--341
[]            \OT1/cmtt/m/n/10.95 #we only want 16 digit values - ie solutions 
with '10' in a spur.[] 
 []


Underfull \hbox (badness 10000) in paragraph at lines 343--344

 []


Underfull \hbox (badness 10000) in paragraph at lines 346--347

 []

[8]
Overfull \hbox (87.37727pt too wide) in paragraph at lines 374--374
[]    \OT1/cmtt/m/n/10.95 primes=set(mysieve(int(math.sqrt(n)*2))).difference(s
et(mysieve(int(math.sqrt(n)/2))))[] 
 []


Underfull \hbox (badness 10000) in paragraph at lines 377--378

 []


Underfull \hbox (badness 10000) in paragraph at lines 383--384

 []

[9]
Overfull \hbox (64.38252pt too wide) in paragraph at lines 434--434
[]    \OT1/cmtt/m/n/10.95 for number in itertools.combinations_with_replacement
('0123456789',len(str(n-1))):[] 
 []


Overfull \hbox (12.64433pt too wide) in paragraph at lines 434--434
[]                    \OT1/cmtt/m/n/10.95 chainlengths[candidate]=len(chain)-ch
ain.index(candidate)[] 
 []


Overfull \hbox (1.14696pt too wide) in paragraph at lines 434--434
[]                    \OT1/cmtt/m/n/10.95 chainlengths[number]=len(chain)+chain
lengths[candidate][] 
 []


Overfull \hbox (93.12596pt too wide) in paragraph at lines 434--434
[]                    \OT1/cmtt/m/n/10.95 chainlengths[chain[j]]=chainlengths[c
andidate]+chain.index(candidate)-j[] 
 []


Overfull \hbox (24.14171pt too wide) in paragraph at lines 434--434
[]                    \OT1/cmtt/m/n/10.95 chainlengths[chain[j]]=chainlengths[c
andidate]+len(chain)-j[] 
 []


Underfull \vbox (badness 10000) has occurred while \output is active []

 [10]
Underfull \hbox (badness 10000) in paragraph at lines 436--437

 []


Underfull \hbox (badness 10000) in paragraph at lines 441--442

 []


Overfull \hbox (35.63908pt too wide) in paragraph at lines 502--502
[]    \OT1/cmtt/m/n/10.95 Pythagorean triangles less than n, and v are the numb
er primitives that share[] 
 []

[11]
Overfull \hbox (41.38777pt too wide) in paragraph at lines 502--502
[]    \OT1/cmtt/m/n/10.95 returns the number of perimeters less than n shared b
y m Pythagorean triangles[] 
 []


Overfull \hbox (236.84315pt too wide) in paragraph at lines 527--527
[]        \OT1/cmtt/m/n/10.95 result=sum([(-1)**(k-1)*(p2(n-k*(3*k-1)//2,memo)+
p2(n-k*(3*k+1)//2,memo)) for k in range(1,int(sqrt(n)+1))])[] 
 []

[12]
Underfull \hbox (badness 10000) in paragraph at lines 532--533

 []


Overfull \hbox (12.64433pt too wide) in paragraph at lines 570--570
[]    \OT1/cmtt/m/n/10.95 returns L, a dictionary of all the right-angle triang
les a<b<c that, when[] 
 []


Overfull \hbox (24.14171pt too wide) in paragraph at lines 570--570
[]    \OT1/cmtt/m/n/10.95 mirrored on b, give an almost-equilateral triangle (c
,c,2a) where 2a=c+/-1,[] 
 []


Overfull \hbox (35.63908pt too wide) in paragraph at lines 570--570
[]    \OT1/cmtt/m/n/10.95 with perimeter less than or equal to pmax. These almo
st-equilateral triangles[] 
 []

[13]
Underfull \vbox (badness 10000) has occurred while \output is active []

 [14]
Overfull \hbox (139.11546pt too wide) in paragraph at lines 630--630
[]            \OT1/cmtt/m/n/10.95 blocks.setdefault(L,[]).append(blocks[L-1][0]
+blocks[L-m][1]) #red left-edged solutions[] 
 []


Overfull \hbox (150.61284pt too wide) in paragraph at lines 630--630
[]            \OT1/cmtt/m/n/10.95 blocks.setdefault(L,[]).append(blocks[L-1][0]
+blocks[L-1][1]) #black left-edged solutions[] 
 []


Underfull \hbox (badness 10000) in paragraph at lines 632--633

 []

[15]
Underfull \vbox (badness 10000) has occurred while \output is active []

 [16]
[17]
Underfull \vbox (badness 10000) has occurred while \output is active []

 [18]
Overfull \hbox (29.8904pt too wide) in paragraph at lines 781--781
[]    \OT1/cmtt/m/n/10.95 #entry n_ij of N is expected number of times that cha
in will be in state s_j[] 
 []


Overfull \hbox (24.14171pt too wide) in paragraph at lines 781--781
[]    \OT1/cmtt/m/n/10.95 #Let ti be the expected number of steps before the ch
ain is absorbed, given[] 
 []


Overfull \hbox (12.64433pt too wide) in paragraph at lines 781--781
[]    \OT1/cmtt/m/n/10.95 #that the chain starts in state s_i, and let t be the
 column vector whose[] 
 []


Overfull \hbox (28.68443pt too wide) in paragraph at lines 783--784
\OT1/cmr/m/n/10.95 or two read-ing more on them. [url=https://math.dartmouth.ed
u/ prob/prob/prob.pdf]Grinstead
 []

[19]
Underfull \vbox (badness 10000) has occurred while \output is active []

 [20]
Overfull \hbox (208.09972pt too wide) in paragraph at lines 879--879
[]        \OT1/cmtt/m/n/10.95 return (1/(4*k**2))*(-4-8*k+4*(k+1)*(-(k+1)**2+x)
**0.5-np.pi*x+4*x*np.arctan((k+1)/(-(k+1)**2+x)**0.5))[] 
 []


Overfull \hbox (139.11546pt too wide) in paragraph at lines 879--879
[]        \OT1/cmtt/m/n/10.95 return (1/(2*k**2))*(2-2*(-1+x)**0.5-x*float(mpma
th.acsc(x**0.5))+x*np.arctan((-1+x)**0.5))[] 
 []

[21]
Overfull \hbox (47.13646pt too wide) in paragraph at lines 974--974
[]    \OT1/cmtt/m/n/10.95 #Use the CRT to find m 'base' idempotent solutions fr
om m prime factors p_i^a_i[] 
 []

[22]
Overfull \hbox (12.64433pt too wide) in paragraph at lines 974--974
[]    \OT1/cmtt/m/n/10.95 """returns multiplicative inverse of a mod n. a and n
 must be-co-prime"""[] 
 []


Underfull \vbox (badness 10000) has occurred while \output is active []

 [23]
[24]
Overfull \hbox (173.60759pt too wide) in paragraph at lines 1059--1059
[]\OT1/cmtt/m/n/10.95 #http://math.stackexchange.com/questions/316376/how-to-ca
lculate-these-totient-summation-sums-efficiently[] 
 []


Underfull \vbox (badness 10000) has occurred while \output is active []

 [25]
Underfull \hbox (badness 10000) in paragraph at lines 1062--1063

 []

[26] (./PElog.aux) ) 
Here is how much of TeX's memory you used:
 3882 strings out of 493014
 53307 string characters out of 6133350
 130746 words of memory out of 5000000
 7209 multiletter control sequences out of 15000+600000
 12558 words of font info for 49 fonts, out of 8000000 for 9000
 1302 hyphenation exceptions out of 8191
 42i,12n,31p,898b,316s stack positions out of 5000i,500n,10000p,200000b,80000s
</usr/local/texlive/2016/texmf-dist/fonts/type1/public/amsf
onts/cm/cmbx10.pfb></usr/local/texlive/2016/texmf-dist/fonts/type1/public/amsfo
nts/cm/cmcsc10.pfb></usr/local/texlive/2016/texmf-dist/fonts/type1/public/amsfo
nts/cm/cmex10.pfb></usr/local/texlive/2016/texmf-dist/fonts/type1/public/amsfon
ts/cm/cmmi10.pfb></usr/local/texlive/2016/texmf-dist/fonts/type1/public/amsfont
s/cm/cmmi8.pfb></usr/local/texlive/2016/texmf-dist/fonts/type1/public/amsfonts/
cm/cmr10.pfb></usr/local/texlive/2016/texmf-dist/fonts/type1/public/amsfonts/cm
/cmr6.pfb></usr/local/texlive/2016/texmf-dist/fonts/type1/public/amsfonts/cm/cm
r8.pfb></usr/local/texlive/2016/texmf-dist/fonts/type1/public/amsfonts/cm/cmr9.
pfb></usr/local/texlive/2016/texmf-dist/fonts/type1/public/amsfonts/cm/cmsy10.p
fb></usr/local/texlive/2016/texmf-dist/fonts/type1/public/amsfonts/cm/cmsy8.pfb
></usr/local/texlive/2016/texmf-dist/fonts/type1/public/amsfonts/cm/cmti10.pfb>
</usr/local/texlive/2016/texmf-dist/fonts/type1/public/amsfonts/cm/cmtt10.pfb><
/usr/local/texlive/2016/texmf-dist/fonts/type1/public/amsfonts/symbols/msbm10.p
fb>
Output written on PElog.pdf (26 pages, 197923 bytes).
PDF statistics:
 145 PDF objects out of 1000 (max. 8388607)
 101 compressed objects within 2 object streams
 0 named destinations out of 1000 (max. 500000)
 1 words of extra memory for PDF output out of 10000 (max. 10000000)

